;  LST file generated by mikroListExporter - v.2.0 
; Date/Time: 14/12/2020 10:12:29
;----------------------------------------------

;Address Opcode 	ASM
0x0000	0x2803      	GOTO       3
_main:
;Leituras_Analogicas.c,4 :: 		void main()
;Leituras_Analogicas.c,9 :: 		ANSELA.ANSA0 = 0x01;
0x0003	0x0023      	MOVLB      3
0x0004	0x140C      	BSF        ANSELA, 0
;Leituras_Analogicas.c,10 :: 		TRISA.RA0 = 0x01;
0x0005	0x0021      	MOVLB      1
0x0006	0x140C      	BSF        TRISA, 0
;Leituras_Analogicas.c,11 :: 		PORTA = 0x01;
0x0007	0x3001      	MOVLW      1
0x0008	0x0020      	MOVLB      0
0x0009	0x008C      	MOVWF      PORTA
;Leituras_Analogicas.c,13 :: 		ANSELC = 0x0;
0x000A	0x0023      	MOVLB      3
0x000B	0x018E      	CLRF       ANSELC
;Leituras_Analogicas.c,14 :: 		TRISC = 0x0;
0x000C	0x0021      	MOVLB      1
0x000D	0x018E      	CLRF       TRISC
;Leituras_Analogicas.c,15 :: 		PORTC = 0x0;
0x000E	0x0020      	MOVLB      0
0x000F	0x018E      	CLRF       PORTC
;Leituras_Analogicas.c,16 :: 		LATC = 0x0;
0x0010	0x0022      	MOVLB      2
0x0011	0x018E      	CLRF       LATC
;Leituras_Analogicas.c,18 :: 		ADCON0 = 0x01;
0x0012	0x3001      	MOVLW      1
0x0013	0x0021      	MOVLB      1
0x0014	0x009D      	MOVWF      ADCON0
;Leituras_Analogicas.c,19 :: 		ADCON1 = 0b10100000;
0x0015	0x30A0      	MOVLW      160
0x0016	0x009E      	MOVWF      ADCON1
;Leituras_Analogicas.c,21 :: 		while(1)
L_main0:
0x0017	0x0021      	MOVLB      1
;Leituras_Analogicas.c,23 :: 		ADCON0.GO = 1;
0x0018	0x149D      	BSF        ADCON0, 1
;Leituras_Analogicas.c,24 :: 		while(ADCON0.GO_NOT_DONE);
L_main2:
0x0019	0x1C9D      	BTFSS      ADCON0, 1
0x001A	0x281C      	GOTO       L_main3
0x001B	0x2819      	GOTO       L_main2
L_main3:
;Leituras_Analogicas.c,25 :: 		LATC = ((ADRESH << 8) | ADRESL);
0x001C	0x081B      	MOVF       ADRESL, 0
0x001D	0x0022      	MOVLB      2
0x001E	0x008E      	MOVWF      LATC
;Leituras_Analogicas.c,27 :: 		Delay_ms(20);
0x001F	0x3034      	MOVLW      52
0x0020	0x00FC      	MOVWF      R12
0x0021	0x30F1      	MOVLW      241
0x0022	0x00FD      	MOVWF      R13
L_main4:
0x0023	0x0BFD      	DECFSZ     R13, 1
0x0024	0x2823      	GOTO       L_main4
0x0025	0x0BFC      	DECFSZ     R12, 1
0x0026	0x2823      	GOTO       L_main4
0x0027	0x0000      	NOP
0x0028	0x0000      	NOP
;Leituras_Analogicas.c,28 :: 		}
0x0029	0x2817      	GOTO       L_main0
;Leituras_Analogicas.c,29 :: 		}
L_end_main:
0x002A	0x282A      	GOTO       $+0
; end of _main
Symbol List:
//** Routines locations **
//ADDRESS    SIZE    PROCEDURE
//----------------------------------------------
0x0003      [40]    _main
//** Variables locations ** 
//ADDRESS    SIZE    VARIABLE
//----------------------------------------------
0x0000       [1]    INDF0
0x0001       [1]    INDF1
0x0003       [1]    STATUS
0x0004       [1]    FSR0L
0x0005       [1]    FSR0H
0x0006       [1]    FSR1L
0x0007       [1]    FSR1H
0x000A       [1]    PCLATH
0x000C       [1]    PORTA
0x000E       [1]    PORTC
0x0070       [1]    R0
0x0071       [1]    R1
0x0072       [1]    R2
0x0073       [1]    R3
0x0074       [1]    R4
0x0075       [1]    R5
0x0076       [1]    R6
0x0077       [1]    R7
0x0078       [1]    R8
0x0079       [1]    R9
0x007A       [1]    R10
0x007B       [1]    R11
0x007C       [1]    R12
0x007D       [1]    R13
0x007E       [1]    R14
0x007F       [1]    R15
0x008C       [1]    TRISA
0x008E       [1]    TRISC
0x009B       [1]    ADRESL
0x009C       [1]    ADRESH
0x009D       [1]    ADCON0
0x009E       [1]    ADCON1
0x010E       [1]    LATC
0x018C       [1]    ANSELA
0x018E       [1]    ANSELC
