;  LST file generated by mikroListExporter - v.2.0 
; Date/Time: 17/12/2020 17:05:03
;----------------------------------------------

;Address Opcode 	ASM
0x0000	0x2A7C      	GOTO       636
_interrupt:
;controle_analogico_pwm.c,24 :: 		void interrupt()
;controle_analogico_pwm.c,26 :: 		if (TMR4IF_bit) //Atualiza leitura analogica, 2.048ms
0x0004	0x3180      	MOVLP      0
0x0005	0x0020      	MOVLB      0
0x0006	0x1C93      	BTFSS      TMR4IF_bit, BitPos(TMR4IF_bit+0)
0x0007	0x280D      	GOTO       L_interrupt0
;controle_analogico_pwm.c,28 :: 		PORTB.RB4 = ~PORTB.RB4;
0x0008	0x3010      	MOVLW      16
0x0009	0x068D      	XORWF      PORTB, 1
;controle_analogico_pwm.c,29 :: 		flag_analogica = true;
0x000A	0x3001      	MOVLW      1
0x000B	0x00A4      	MOVWF      _flag_analogica
;controle_analogico_pwm.c,30 :: 		TMR4IF_bit = 0x00;
0x000C	0x1093      	BCF        TMR4IF_bit, BitPos(TMR4IF_bit+0)
;controle_analogico_pwm.c,31 :: 		}
L_interrupt0:
;controle_analogico_pwm.c,33 :: 		if (TMR6IF_bit) //Atualiza saida do pwm, 512us
0x000D	0x1D93      	BTFSS      TMR6IF_bit, BitPos(TMR6IF_bit+0)
0x000E	0x2814      	GOTO       L_interrupt1
;controle_analogico_pwm.c,35 :: 		PORTC.RA0 = ~PORTC.RA0;
0x000F	0x3001      	MOVLW      1
0x0010	0x068E      	XORWF      PORTC, 1
;controle_analogico_pwm.c,36 :: 		flag_pwm = true;
0x0011	0x3001      	MOVLW      1
0x0012	0x00A3      	MOVWF      _flag_pwm
;controle_analogico_pwm.c,37 :: 		TMR6IF_bit = 0x00;
0x0013	0x1193      	BCF        TMR6IF_bit, BitPos(TMR6IF_bit+0)
;controle_analogico_pwm.c,38 :: 		}
L_interrupt1:
;controle_analogico_pwm.c,39 :: 		}
L_end_interrupt:
L__interrupt10:
0x0014	0x0009      	RETFIE     %s
; end of _interrupt
_RES032:
;__Lib_MathDouble.c,123 :: 		
;__Lib_MathDouble.c,128 :: 		
0x0015	0x01F2      	CLRF       R2
;__Lib_MathDouble.c,129 :: 		
0x0016	0x01F1      	CLRF       R1
;__Lib_MathDouble.c,130 :: 		
0x0017	0x01F0      	CLRF       R0
;__Lib_MathDouble.c,131 :: 		
0x0018	0x01F8      	CLRF       R8
;__Lib_MathDouble.c,132 :: 		
0x0019	0x01F3      	CLRF       R3
;__Lib_MathDouble.c,133 :: 		
0x001A	0x3000      	MOVLW      0
;__Lib_MathDouble.c,135 :: 		
L_end_RES032:
0x001B	0x0008      	RETURN
; end of _RES032
_SETFUN32:
;__Lib_MathDouble.c,138 :: 		
;__Lib_MathDouble.c,145 :: 		
0x001C	0x157B      	BSF        R11, 2
;__Lib_MathDouble.c,146 :: 		
0x001D	0x1FFB      	BTFSS      R11, 7
;__Lib_MathDouble.c,147 :: 		
0x001E	0x2826      	GOTO       SETFUN32EEE
;__Lib_MathDouble.c,148 :: 		
0x001F	0x3001      	MOVLW      1
;__Lib_MathDouble.c,149 :: 		
0x0020	0x00F3      	MOVWF      R3
;__Lib_MathDouble.c,150 :: 		
0x0021	0x01F2      	CLRF       R2
;__Lib_MathDouble.c,151 :: 		
0x0022	0x01F1      	CLRF       R1
;__Lib_MathDouble.c,152 :: 		
0x0023	0x01F0      	CLRF       R0
;__Lib_MathDouble.c,153 :: 		
0x0024	0x0DFA      	RLF        R10, 1
;__Lib_MathDouble.c,154 :: 		
0x0025	0x0CF2      	RRF        R2, 1
;__Lib_MathDouble.c,155 :: 		
SETFUN32EEE:
;__Lib_MathDouble.c,156 :: 		
0x0026	0x30FF      	MOVLW      255
;__Lib_MathDouble.c,158 :: 		
L_end_SETFUN32:
0x0027	0x0008      	RETURN
; end of _SETFUN32
_FIXSIGN32:
;__Lib_MathDouble.c,112 :: 		
;__Lib_MathDouble.c,116 :: 		
0x0028	0x1FFA      	BTFSS      R10, 7
;__Lib_MathDouble.c,117 :: 		
0x0029	0x13F2      	BCF        R2, 7
;__Lib_MathDouble.c,118 :: 		
0x002A	0x3000      	MOVLW      0
;__Lib_MathDouble.c,120 :: 		
L_end_FIXSIGN32:
0x002B	0x0008      	RETURN
; end of _FIXSIGN32
_NRM3232:
;__Lib_MathDouble.c,167 :: 		
;__Lib_MathDouble.c,173 :: 		
;__Lib_MathDouble.c,175 :: 		
0x002C	0x01A0      	CLRF       __math_tempbD
;__Lib_MathDouble.c,176 :: 		
0x002D	0x0872      	MOVF       R2, 0
;__Lib_MathDouble.c,177 :: 		
0x002E	0x1D03      	BTFSS      STATUS, 2
;__Lib_MathDouble.c,178 :: 		
0x002F	0x2841      	GOTO       NORM3232
;__Lib_MathDouble.c,179 :: 		
0x0030	0x0871      	MOVF       R1, 0
;__Lib_MathDouble.c,180 :: 		
0x0031	0x00F2      	MOVWF      R2
;__Lib_MathDouble.c,181 :: 		
0x0032	0x0870      	MOVF       R0, 0
;__Lib_MathDouble.c,182 :: 		
0x0033	0x00F1      	MOVWF      R1
;__Lib_MathDouble.c,183 :: 		
0x0034	0x01F0      	CLRF       R0
;__Lib_MathDouble.c,184 :: 		
0x0035	0x15A0      	BSF        __math_tempbD, 3
;__Lib_MathDouble.c,186 :: 		
0x0036	0x0872      	MOVF       R2, 0
;__Lib_MathDouble.c,187 :: 		
0x0037	0x1D03      	BTFSS      STATUS, 2
;__Lib_MathDouble.c,188 :: 		
0x0038	0x2841      	GOTO       NORM3232
;__Lib_MathDouble.c,189 :: 		
0x0039	0x0871      	MOVF       R1, 0
;__Lib_MathDouble.c,190 :: 		
0x003A	0x00F2      	MOVWF      R2
;__Lib_MathDouble.c,191 :: 		
0x003B	0x01F1      	CLRF       R1
;__Lib_MathDouble.c,192 :: 		
0x003C	0x11A0      	BCF        __math_tempbD, 3
;__Lib_MathDouble.c,193 :: 		
0x003D	0x1620      	BSF        __math_tempbD, 4
;__Lib_MathDouble.c,195 :: 		
0x003E	0x0872      	MOVF       R2, 0
;__Lib_MathDouble.c,196 :: 		
0x003F	0x1903      	BTFSC      STATUS, 2
;__Lib_MathDouble.c,197 :: 		
0x0040	0x284F      	GOTO       JPNRES032
;__Lib_MathDouble.c,198 :: 		
NORM3232:
;__Lib_MathDouble.c,199 :: 		
0x0041	0x0820      	MOVF       __math_tempbD, 0
;__Lib_MathDouble.c,200 :: 		
0x0042	0x02F3      	SUBWF      R3, 1
;__Lib_MathDouble.c,201 :: 		
0x0043	0x1D03      	BTFSS      STATUS, 2
;__Lib_MathDouble.c,202 :: 		
0x0044	0x1C03      	BTFSS      STATUS, 0
;__Lib_MathDouble.c,203 :: 		
0x0045	0x2853      	GOTO       JPNSETFUN32
;__Lib_MathDouble.c,204 :: 		
0x0046	0x1003      	BCF        STATUS, 0
;__Lib_MathDouble.c,205 :: 		
NORM3232A:
;__Lib_MathDouble.c,206 :: 		
0x0047	0x1BF2      	BTFSC      R2, 7
;__Lib_MathDouble.c,207 :: 		
0x0048	0x2857      	GOTO       JMPNFIXSIGN32
;__Lib_MathDouble.c,208 :: 		
0x0049	0x0DF0      	RLF        R0, 1
;__Lib_MathDouble.c,209 :: 		
0x004A	0x0DF1      	RLF        R1, 1
;__Lib_MathDouble.c,210 :: 		
0x004B	0x0DF2      	RLF        R2, 1
;__Lib_MathDouble.c,211 :: 		
0x004C	0x0BF3      	DECFSZ     R3, 1
;__Lib_MathDouble.c,212 :: 		
0x004D	0x2847      	GOTO       NORM3232A
;__Lib_MathDouble.c,213 :: 		
0x004E	0x2853      	GOTO       JPNSETFUN32
;__Lib_MathDouble.c,214 :: 		
JPNRES032:
;__Lib_MathDouble.c,215 :: 		
0x004F	0x3001      	MOVLW      1
;__Lib_MathDouble.c,216 :: 		
0x0050	0x00FC      	MOVWF      R12
;__Lib_MathDouble.c,218 :: 		
0x0051	0x2015      	CALL       _RES032
;__Lib_MathDouble.c,220 :: 		
0x0052	0x285A      	GOTO       NORM32EEE
;__Lib_MathDouble.c,221 :: 		
JPNSETFUN32:
;__Lib_MathDouble.c,222 :: 		
0x0053	0x3002      	MOVLW      2
;__Lib_MathDouble.c,223 :: 		
0x0054	0x00FC      	MOVWF      R12
;__Lib_MathDouble.c,225 :: 		
0x0055	0x201C      	CALL       _SETFUN32
;__Lib_MathDouble.c,227 :: 		
0x0056	0x285A      	GOTO       NORM32EEE
;__Lib_MathDouble.c,228 :: 		
JMPNFIXSIGN32:
;__Lib_MathDouble.c,229 :: 		
0x0057	0x3004      	MOVLW      4
;__Lib_MathDouble.c,230 :: 		
0x0058	0x00FC      	MOVWF      R12
;__Lib_MathDouble.c,232 :: 		
0x0059	0x2028      	CALL       _FIXSIGN32
;__Lib_MathDouble.c,234 :: 		
NORM32EEE:
;__Lib_MathDouble.c,236 :: 		
L_end_NRM3232:
0x005A	0x0008      	RETURN
; end of _NRM3232
_SETFDZ32:
;__Lib_MathDouble.c,102 :: 		
;__Lib_MathDouble.c,105 :: 		
0x005B	0x15FB      	BSF        R11, 3
;__Lib_MathDouble.c,106 :: 		
0x005C	0x30FF      	MOVLW      255
;__Lib_MathDouble.c,108 :: 		
L_end_SETFDZ32:
0x005D	0x0008      	RETURN
; end of _SETFDZ32
_SETFOV32:
;__Lib_MathDouble.c,79 :: 		
;__Lib_MathDouble.c,86 :: 		
0x005E	0x14FB      	BSF        R11, 1
;__Lib_MathDouble.c,87 :: 		
0x005F	0x1FFB      	BTFSS      R11, 7
;__Lib_MathDouble.c,88 :: 		
0x0060	0x2868      	GOTO       SETFOV32EEE
;__Lib_MathDouble.c,89 :: 		
0x0061	0x30FF      	MOVLW      255
;__Lib_MathDouble.c,90 :: 		
0x0062	0x00F3      	MOVWF      R3
;__Lib_MathDouble.c,91 :: 		
0x0063	0x00F2      	MOVWF      R2
;__Lib_MathDouble.c,92 :: 		
0x0064	0x00F1      	MOVWF      R1
;__Lib_MathDouble.c,93 :: 		
0x0065	0x00F0      	MOVWF      R0
;__Lib_MathDouble.c,94 :: 		
0x0066	0x0DFA      	RLF        R10, 1
;__Lib_MathDouble.c,95 :: 		
0x0067	0x0CF2      	RRF        R2, 1
;__Lib_MathDouble.c,96 :: 		
SETFOV32EEE:
;__Lib_MathDouble.c,97 :: 		
0x0068	0x30FF      	MOVLW      255
;__Lib_MathDouble.c,99 :: 		
L_end_SETFOV32:
0x0069	0x0008      	RETURN
; end of _SETFOV32
_SETIOV3224:
;__Lib_MathDouble.c,996 :: 		
;__Lib_MathDouble.c,1002 :: 		
0x006A	0x147B      	BSF        R11, 0
;__Lib_MathDouble.c,1003 :: 		
0x006B	0x1FFB      	BTFSS      R11, 7
;__Lib_MathDouble.c,1004 :: 		
0x006C	0x2875      	GOTO       SETIOV3224EEE
;__Lib_MathDouble.c,1006 :: 		
0x006D	0x01F2      	CLRF       R2
;__Lib_MathDouble.c,1007 :: 		
0x006E	0x1FFA      	BTFSS      R10, 7
;__Lib_MathDouble.c,1008 :: 		
0x006F	0x30FF      	MOVLW      255
;__Lib_MathDouble.c,1009 :: 		
0x0070	0x00F2      	MOVWF      R2
;__Lib_MathDouble.c,1010 :: 		
0x0071	0x00F1      	MOVWF      R1
;__Lib_MathDouble.c,1011 :: 		
0x0072	0x00F0      	MOVWF      R0
;__Lib_MathDouble.c,1012 :: 		
0x0073	0x0DFA      	RLF        R10, 1
;__Lib_MathDouble.c,1013 :: 		
0x0074	0x0CF2      	RRF        R2, 1
;__Lib_MathDouble.c,1014 :: 		
SETIOV3224EEE:
;__Lib_MathDouble.c,1015 :: 		
0x0075	0x30FF      	MOVLW      255
;__Lib_MathDouble.c,1017 :: 		
L_end_SETIOV3224:
0x0076	0x0008      	RETURN
; end of _SETIOV3224
_Mul_32x32_FP:
;__Lib_MathDouble.c,608 :: 		
;__Lib_MathDouble.c,620 :: 		
;__Lib_MathDouble.c,622 :: 		
0x0077	0x0020      	MOVLB      0
;__Lib_MathDouble.c,624 :: 		
0x0078	0x01FB      	CLRF       R11
;__Lib_MathDouble.c,625 :: 		
0x0079	0x0873      	MOVF       R3, 0
;__Lib_MathDouble.c,626 :: 		
0x007A	0x1D03      	BTFSS      STATUS, 2
;__Lib_MathDouble.c,627 :: 		
0x007B	0x0877      	MOVF       R7, 0
;__Lib_MathDouble.c,628 :: 		
0x007C	0x1903      	BTFSC      STATUS, 2
;__Lib_MathDouble.c,629 :: 		
0x007D	0x28CD      	GOTO       JPMRES032
;__Lib_MathDouble.c,631 :: 		
0x007E	0x0872      	MOVF       R2, 0
;__Lib_MathDouble.c,632 :: 		
0x007F	0x0676      	XORWF      R6, 0
;__Lib_MathDouble.c,633 :: 		
0x0080	0x00FA      	MOVWF      R10
;__Lib_MathDouble.c,634 :: 		
0x0081	0x0877      	MOVF       R7, 0
;__Lib_MathDouble.c,635 :: 		
0x0082	0x07F3      	ADDWF      R3, 1
;__Lib_MathDouble.c,636 :: 		
0x0083	0x307E      	MOVLW      126
;__Lib_MathDouble.c,637 :: 		
0x0084	0x1C03      	BTFSS      STATUS, 0
;__Lib_MathDouble.c,638 :: 		
0x0085	0x288A      	GOTO       MTUN32
;__Lib_MathDouble.c,639 :: 		
0x0086	0x02F3      	SUBWF      R3, 1
;__Lib_MathDouble.c,640 :: 		
0x0087	0x1803      	BTFSC      STATUS, 0
;__Lib_MathDouble.c,641 :: 		
0x0088	0x28D0      	GOTO       JPMSETFOV32
;__Lib_MathDouble.c,642 :: 		
0x0089	0x288D      	GOTO       MOK32
;__Lib_MathDouble.c,643 :: 		
MTUN32:
;__Lib_MathDouble.c,644 :: 		
0x008A	0x02F3      	SUBWF      R3, 1
;__Lib_MathDouble.c,645 :: 		
0x008B	0x1C03      	BTFSS      STATUS, 0
;__Lib_MathDouble.c,646 :: 		
0x008C	0x28D3      	GOTO       JPMSETFUN32
;__Lib_MathDouble.c,647 :: 		
MOK32:
;__Lib_MathDouble.c,648 :: 		
0x008D	0x0872      	MOVF       R2, 0
;__Lib_MathDouble.c,649 :: 		
0x008E	0x00F8      	MOVWF      R8
;__Lib_MathDouble.c,650 :: 		
0x008F	0x0871      	MOVF       R1, 0
;__Lib_MathDouble.c,651 :: 		
0x0090	0x00FC      	MOVWF      R12
;__Lib_MathDouble.c,652 :: 		
0x0091	0x0870      	MOVF       R0, 0
;__Lib_MathDouble.c,653 :: 		
0x0092	0x00FD      	MOVWF      R13
;__Lib_MathDouble.c,654 :: 		
0x0093	0x17F8      	BSF        R8, 7
;__Lib_MathDouble.c,655 :: 		
0x0094	0x17F6      	BSF        R6, 7
;__Lib_MathDouble.c,656 :: 		
0x0095	0x1003      	BCF        STATUS, 0
;__Lib_MathDouble.c,657 :: 		
0x0096	0x01F2      	CLRF       R2
;__Lib_MathDouble.c,658 :: 		
0x0097	0x01F1      	CLRF       R1
;__Lib_MathDouble.c,659 :: 		
0x0098	0x01F0      	CLRF       R0
;__Lib_MathDouble.c,660 :: 		
0x0099	0x3018      	MOVLW      24
;__Lib_MathDouble.c,661 :: 		
0x009A	0x00A0      	MOVWF      __math_tempbD
;__Lib_MathDouble.c,662 :: 		
MLOOP32:
;__Lib_MathDouble.c,663 :: 		
0x009B	0x1C7D      	BTFSS      R13, 0
;__Lib_MathDouble.c,664 :: 		
0x009C	0x28A7      	GOTO       MNOADD32
;__Lib_MathDouble.c,666 :: 		
0x009D	0x0874      	MOVF       R4, 0
;__Lib_MathDouble.c,667 :: 		
0x009E	0x07F0      	ADDWF      R0, 1
;__Lib_MathDouble.c,668 :: 		
0x009F	0x0875      	MOVF       R5, 0
;__Lib_MathDouble.c,669 :: 		
0x00A0	0x1803      	BTFSC      STATUS, 0
;__Lib_MathDouble.c,670 :: 		
0x00A1	0x0F75      	INCFSZ     R5, 0
;__Lib_MathDouble.c,671 :: 		
0x00A2	0x07F1      	ADDWF      R1, 1
;__Lib_MathDouble.c,672 :: 		
0x00A3	0x0876      	MOVF       R6, 0
;__Lib_MathDouble.c,673 :: 		
0x00A4	0x1803      	BTFSC      STATUS, 0
;__Lib_MathDouble.c,674 :: 		
0x00A5	0x0F76      	INCFSZ     R6, 0
;__Lib_MathDouble.c,675 :: 		
0x00A6	0x07F2      	ADDWF      R2, 1
;__Lib_MathDouble.c,676 :: 		
MNOADD32:
;__Lib_MathDouble.c,677 :: 		
0x00A7	0x0CF2      	RRF        R2, 1
;__Lib_MathDouble.c,678 :: 		
0x00A8	0x0CF1      	RRF        R1, 1
;__Lib_MathDouble.c,679 :: 		
0x00A9	0x0CF0      	RRF        R0, 1
;__Lib_MathDouble.c,680 :: 		
0x00AA	0x0CF8      	RRF        R8, 1
;__Lib_MathDouble.c,681 :: 		
0x00AB	0x0CFC      	RRF        R12, 1
;__Lib_MathDouble.c,682 :: 		
0x00AC	0x0CFD      	RRF        R13, 1
;__Lib_MathDouble.c,683 :: 		
0x00AD	0x1003      	BCF        STATUS, 0
;__Lib_MathDouble.c,684 :: 		
0x00AE	0x0BA0      	DECFSZ     __math_tempbD, 1
;__Lib_MathDouble.c,685 :: 		
0x00AF	0x289B      	GOTO       MLOOP32
;__Lib_MathDouble.c,686 :: 		
0x00B0	0x1BF2      	BTFSC      R2, 7
;__Lib_MathDouble.c,687 :: 		
0x00B1	0x28B7      	GOTO       MROUND32
;__Lib_MathDouble.c,688 :: 		
0x00B2	0x0DF8      	RLF        R8, 1
;__Lib_MathDouble.c,689 :: 		
0x00B3	0x0DF0      	RLF        R0, 1
;__Lib_MathDouble.c,690 :: 		
0x00B4	0x0DF1      	RLF        R1, 1
;__Lib_MathDouble.c,691 :: 		
0x00B5	0x0DF2      	RLF        R2, 1
;__Lib_MathDouble.c,692 :: 		
0x00B6	0x03F3      	DECF       R3, 1
;__Lib_MathDouble.c,693 :: 		
MROUND32:
;__Lib_MathDouble.c,694 :: 		
0x00B7	0x1B7B      	BTFSC      R11, 6
;__Lib_MathDouble.c,695 :: 		
0x00B8	0x1C70      	BTFSS      R0, 0
;__Lib_MathDouble.c,696 :: 		
0x00B9	0x28C9      	GOTO       MUL32OK
;__Lib_MathDouble.c,697 :: 		
0x00BA	0x1FF8      	BTFSS      R8, 7
;__Lib_MathDouble.c,698 :: 		
0x00BB	0x28C9      	GOTO       MUL32OK
;__Lib_MathDouble.c,699 :: 		
0x00BC	0x0AF0      	INCF       R0, 1
;__Lib_MathDouble.c,700 :: 		
0x00BD	0x1903      	BTFSC      STATUS, 2
;__Lib_MathDouble.c,701 :: 		
0x00BE	0x0AF1      	INCF       R1, 1
;__Lib_MathDouble.c,702 :: 		
0x00BF	0x1903      	BTFSC      STATUS, 2
;__Lib_MathDouble.c,703 :: 		
0x00C0	0x0AF2      	INCF       R2, 1
;__Lib_MathDouble.c,704 :: 		
0x00C1	0x1D03      	BTFSS      STATUS, 2
;__Lib_MathDouble.c,705 :: 		
0x00C2	0x28C9      	GOTO       MUL32OK
;__Lib_MathDouble.c,706 :: 		
0x00C3	0x0CF2      	RRF        R2, 1
;__Lib_MathDouble.c,707 :: 		
0x00C4	0x0CF1      	RRF        R1, 1
;__Lib_MathDouble.c,708 :: 		
0x00C5	0x0CF0      	RRF        R0, 1
;__Lib_MathDouble.c,709 :: 		
0x00C6	0x0AF3      	INCF       R3, 1
;__Lib_MathDouble.c,710 :: 		
0x00C7	0x1903      	BTFSC      STATUS, 2
;__Lib_MathDouble.c,711 :: 		
0x00C8	0x28D0      	GOTO       JPMSETFOV32
;__Lib_MathDouble.c,712 :: 		
MUL32OK:
;__Lib_MathDouble.c,713 :: 		
0x00C9	0x1FFA      	BTFSS      R10, 7
;__Lib_MathDouble.c,714 :: 		
0x00CA	0x13F2      	BCF        R2, 7
;__Lib_MathDouble.c,715 :: 		
0x00CB	0x3000      	MOVLW      0
;__Lib_MathDouble.c,717 :: 		
0x00CC	0x28D5      	GOTO       MUL32EEE
;__Lib_MathDouble.c,718 :: 		
JPMRES032:
;__Lib_MathDouble.c,719 :: 		
0x00CD	0x3001      	MOVLW      1
;__Lib_MathDouble.c,722 :: 		
0x00CE	0x2015      	CALL       _RES032
;__Lib_MathDouble.c,724 :: 		
0x00CF	0x28D5      	GOTO       MUL32EEE
;__Lib_MathDouble.c,725 :: 		
JPMSETFOV32:
;__Lib_MathDouble.c,726 :: 		
0x00D0	0x3002      	MOVLW      2
;__Lib_MathDouble.c,729 :: 		
0x00D1	0x205E      	CALL       _SETFOV32
;__Lib_MathDouble.c,731 :: 		
0x00D2	0x28D5      	GOTO       MUL32EEE
;__Lib_MathDouble.c,732 :: 		
JPMSETFUN32:
;__Lib_MathDouble.c,733 :: 		
0x00D3	0x3004      	MOVLW      4
;__Lib_MathDouble.c,736 :: 		
0x00D4	0x201C      	CALL       _SETFUN32
;__Lib_MathDouble.c,738 :: 		
MUL32EEE:
;__Lib_MathDouble.c,739 :: 		
0x00D5	0x0000      	NOP
;__Lib_MathDouble.c,746 :: 		
L_end_Mul_32x32_FP:
0x00D6	0x0008      	RETURN
; end of _Mul_32x32_FP
_word2double:
;__Lib_MathDouble.c,1851 :: 		
;__Lib_MathDouble.c,1857 :: 		
0x00D7	0x0020      	MOVLB      0
;__Lib_MathDouble.c,1858 :: 		
0x00D8	0x0870      	MOVF       R0, 0
;__Lib_MathDouble.c,1859 :: 		
0x00D9	0x00F8      	MOVWF      R8
;__Lib_MathDouble.c,1860 :: 		
0x00DA	0x0871      	MOVF       R1, 0
;__Lib_MathDouble.c,1861 :: 		
0x00DB	0x00F0      	MOVWF      R0
;__Lib_MathDouble.c,1862 :: 		
0x00DC	0x01F1      	CLRF       R1
;__Lib_MathDouble.c,1863 :: 		
0x00DD	0x01F2      	CLRF       R2
;__Lib_MathDouble.c,1864 :: 		
0x00DE	0x01F3      	CLRF       R3
;__Lib_MathDouble.c,1867 :: 		
0x00DF	0x01FB      	CLRF       R11
;__Lib_MathDouble.c,1868 :: 		
0x00E0	0x01FC      	CLRF       R12
;__Lib_MathDouble.c,1870 :: 		
0x00E1	0x3096      	MOVLW      150
;__Lib_MathDouble.c,1871 :: 		
0x00E2	0x00F3      	MOVWF      R3
;__Lib_MathDouble.c,1872 :: 		
0x00E3	0x01FA      	CLRF       R10
;__Lib_MathDouble.c,1874 :: 		
0x00E4	0x0870      	MOVF       R0, 0
;__Lib_MathDouble.c,1875 :: 		
0x00E5	0x00F1      	MOVWF      R1
;__Lib_MathDouble.c,1876 :: 		
0x00E6	0x0878      	MOVF       R8, 0
;__Lib_MathDouble.c,1877 :: 		
0x00E7	0x00F0      	MOVWF      R0
;__Lib_MathDouble.c,1878 :: 		
0x00E8	0x01F8      	CLRF       R8
;__Lib_MathDouble.c,1879 :: 		
0x00E9	0x01F2      	CLRF       R2
;__Lib_MathDouble.c,1881 :: 		
0x00EA	0x202C      	CALL       _NRM3232
;__Lib_MathDouble.c,1882 :: 		
L_end_word2double:
0x00EB	0x0008      	RETURN
; end of _word2double
_double2word:
;__Lib_MathDouble.c,1522 :: 		
;__Lib_MathDouble.c,1529 :: 		
0x00EC	0x0020      	MOVLB      0
;__Lib_MathDouble.c,1531 :: 		
0x00ED	0x01FB      	CLRF       R11
;__Lib_MathDouble.c,1532 :: 		
0x00EE	0x01FC      	CLRF       R12
;__Lib_MathDouble.c,1533 :: 		
0x00EF	0x01FA      	CLRF       R10
;__Lib_MathDouble.c,1535 :: 		
0x00F0	0x0873      	MOVF       R3, 0
;__Lib_MathDouble.c,1536 :: 		
0x00F1	0x1903      	BTFSC      STATUS, 2
;__Lib_MathDouble.c,1537 :: 		
0x00F2	0x292A      	GOTO       IRES016U
;__Lib_MathDouble.c,1539 :: 		
0x00F3	0x17F2      	BSF        R2, 7
;__Lib_MathDouble.c,1541 :: 		
0x00F4	0x308E      	MOVLW      142
;__Lib_MathDouble.c,1542 :: 		
0x00F5	0x02F3      	SUBWF      R3, 1
;__Lib_MathDouble.c,1543 :: 		
0x00F6	0x1BF3      	BTFSC      R3, 7
;__Lib_MathDouble.c,1544 :: 		
0x00F7	0x28FB      	GOTO       SETEXP16U
;__Lib_MathDouble.c,1545 :: 		
0x00F8	0x1903      	BTFSC      STATUS, 2
;__Lib_MathDouble.c,1546 :: 		
0x00F9	0x28FB      	GOTO       SETEXP16U
;__Lib_MathDouble.c,1547 :: 		
0x00FA	0x292D      	GOTO       SETIOV16U
;__Lib_MathDouble.c,1548 :: 		
SETEXP16U:
;__Lib_MathDouble.c,1549 :: 		
0x00FB	0x09F3      	COMF       R3, 1
;__Lib_MathDouble.c,1550 :: 		
0x00FC	0x0AF3      	INCF       R3, 1
;__Lib_MathDouble.c,1552 :: 		
0x00FD	0x3008      	MOVLW      8
;__Lib_MathDouble.c,1553 :: 		
0x00FE	0x0273      	SUBWF      R3, 0
;__Lib_MathDouble.c,1554 :: 		
0x00FF	0x1C03      	BTFSS      STATUS, 0
;__Lib_MathDouble.c,1555 :: 		
0x0100	0x2910      	GOTO       TSHIFT3216U
;__Lib_MathDouble.c,1556 :: 		
0x0101	0x00F3      	MOVWF      R3
;__Lib_MathDouble.c,1557 :: 		
0x0102	0x0DF1      	RLF        R1, 1
;__Lib_MathDouble.c,1558 :: 		
0x0103	0x0872      	MOVF       R2, 0
;__Lib_MathDouble.c,1559 :: 		
0x0104	0x00F1      	MOVWF      R1
;__Lib_MathDouble.c,1560 :: 		
0x0105	0x01F2      	CLRF       R2
;__Lib_MathDouble.c,1562 :: 		
0x0106	0x3008      	MOVLW      8
;__Lib_MathDouble.c,1563 :: 		
0x0107	0x0273      	SUBWF      R3, 0
;__Lib_MathDouble.c,1564 :: 		
0x0108	0x1C03      	BTFSS      STATUS, 0
;__Lib_MathDouble.c,1565 :: 		
0x0109	0x2910      	GOTO       TSHIFT3216U
;__Lib_MathDouble.c,1566 :: 		
0x010A	0x0DF1      	RLF        R1, 1
;__Lib_MathDouble.c,1567 :: 		
0x010B	0x01F1      	CLRF       R1
;__Lib_MathDouble.c,1569 :: 		
0x010C	0x0873      	MOVF       R3, 0
;__Lib_MathDouble.c,1570 :: 		
0x010D	0x1D03      	BTFSS      STATUS, 2
;__Lib_MathDouble.c,1571 :: 		
0x010E	0x1003      	BCF        STATUS, 0
;__Lib_MathDouble.c,1572 :: 		
0x010F	0x2918      	GOTO       SHIFT3216UOK
;__Lib_MathDouble.c,1573 :: 		
TSHIFT3216U:
;__Lib_MathDouble.c,1574 :: 		
0x0110	0x0873      	MOVF       R3, 0
;__Lib_MathDouble.c,1575 :: 		
0x0111	0x1903      	BTFSC      STATUS, 2
;__Lib_MathDouble.c,1576 :: 		
0x0112	0x2918      	GOTO       SHIFT3216UOK
;__Lib_MathDouble.c,1577 :: 		
SHIFT3216U:
;__Lib_MathDouble.c,1578 :: 		
0x0113	0x1003      	BCF        STATUS, 0
;__Lib_MathDouble.c,1579 :: 		
0x0114	0x0CF2      	RRF        R2, 1
;__Lib_MathDouble.c,1580 :: 		
0x0115	0x0CF1      	RRF        R1, 1
;__Lib_MathDouble.c,1581 :: 		
0x0116	0x0BF3      	DECFSZ     R3, 1
;__Lib_MathDouble.c,1582 :: 		
0x0117	0x2913      	GOTO       SHIFT3216U
;__Lib_MathDouble.c,1583 :: 		
SHIFT3216UOK:
;__Lib_MathDouble.c,1584 :: 		
0x0118	0x1B7B      	BTFSC      R11, 6
;__Lib_MathDouble.c,1585 :: 		
0x0119	0x1C71      	BTFSS      R1, 0
;__Lib_MathDouble.c,1586 :: 		
0x011A	0x2922      	GOTO       INT3216UOK
;__Lib_MathDouble.c,1587 :: 		
0x011B	0x1C03      	BTFSS      STATUS, 0
;__Lib_MathDouble.c,1588 :: 		
0x011C	0x2922      	GOTO       INT3216UOK
;__Lib_MathDouble.c,1589 :: 		
0x011D	0x0AF1      	INCF       R1, 1
;__Lib_MathDouble.c,1590 :: 		
0x011E	0x1903      	BTFSC      STATUS, 2
;__Lib_MathDouble.c,1591 :: 		
0x011F	0x0AF2      	INCF       R2, 1
;__Lib_MathDouble.c,1592 :: 		
0x0120	0x1BF2      	BTFSC      R2, 7
;__Lib_MathDouble.c,1593 :: 		
0x0121	0x2939      	GOTO       JPKSETIOV3224
;__Lib_MathDouble.c,1594 :: 		
INT3216UOK:
;__Lib_MathDouble.c,1595 :: 		
0x0122	0x1FFA      	BTFSS      R10, 7
;__Lib_MathDouble.c,1596 :: 		
0x0123	0x293C      	GOTO       INT3216UEOK
;__Lib_MathDouble.c,1598 :: 		
0x0124	0x09F2      	COMF       R2, 1
;__Lib_MathDouble.c,1599 :: 		
0x0125	0x09F1      	COMF       R1, 1
;__Lib_MathDouble.c,1600 :: 		
0x0126	0x0AF1      	INCF       R1, 1
;__Lib_MathDouble.c,1601 :: 		
0x0127	0x1903      	BTFSC      STATUS, 2
;__Lib_MathDouble.c,1602 :: 		
0x0128	0x0AF2      	INCF       R2, 1
;__Lib_MathDouble.c,1603 :: 		
0x0129	0x293C      	GOTO       INT3216UEOK
;__Lib_MathDouble.c,1605 :: 		
IRES016U:
;__Lib_MathDouble.c,1606 :: 		
0x012A	0x01F2      	CLRF       R2
;__Lib_MathDouble.c,1607 :: 		
0x012B	0x01F1      	CLRF       R1
;__Lib_MathDouble.c,1608 :: 		
0x012C	0x293C      	GOTO       INT3216UEOK
;__Lib_MathDouble.c,1609 :: 		
SETIOV16U:
;__Lib_MathDouble.c,1610 :: 		
0x012D	0x147B      	BSF        R11, 0
;__Lib_MathDouble.c,1611 :: 		
0x012E	0x1FFB      	BTFSS      R11, 7
;__Lib_MathDouble.c,1612 :: 		
0x012F	0x293F      	GOTO       INT3216UEER
;__Lib_MathDouble.c,1614 :: 		
0x0130	0x01F2      	CLRF       R2
;__Lib_MathDouble.c,1615 :: 		
0x0131	0x1FFA      	BTFSS      R10, 7
;__Lib_MathDouble.c,1616 :: 		
0x0132	0x293F      	GOTO       INT3216UEER
;__Lib_MathDouble.c,1617 :: 		
0x0133	0x30FF      	MOVLW      255
;__Lib_MathDouble.c,1618 :: 		
0x0134	0x00F2      	MOVWF      R2
;__Lib_MathDouble.c,1619 :: 		
0x0135	0x00F1      	MOVWF      R1
;__Lib_MathDouble.c,1620 :: 		
0x0136	0x0DFA      	RLF        R10, 1
;__Lib_MathDouble.c,1621 :: 		
0x0137	0x0CF2      	RRF        R2, 1
;__Lib_MathDouble.c,1622 :: 		
0x0138	0x293F      	GOTO       INT3216UEER
;__Lib_MathDouble.c,1624 :: 		
JPKSETIOV3224:
;__Lib_MathDouble.c,1625 :: 		
0x0139	0x3001      	MOVLW      1
;__Lib_MathDouble.c,1626 :: 		
0x013A	0x00FC      	MOVWF      R12
;__Lib_MathDouble.c,1627 :: 		
0x013B	0x2941      	GOTO       INT3216UEEE
;__Lib_MathDouble.c,1628 :: 		
INT3216UEOK:
;__Lib_MathDouble.c,1629 :: 		
0x013C	0x3000      	MOVLW      0
;__Lib_MathDouble.c,1630 :: 		
0x013D	0x00FC      	MOVWF      R12
;__Lib_MathDouble.c,1631 :: 		
0x013E	0x2941      	GOTO       INT3216UEEE
;__Lib_MathDouble.c,1632 :: 		
INT3216UEER:
;__Lib_MathDouble.c,1633 :: 		
0x013F	0x30FF      	MOVLW      255
;__Lib_MathDouble.c,1634 :: 		
0x0140	0x00FC      	MOVWF      R12
;__Lib_MathDouble.c,1635 :: 		
INT3216UEEE:
;__Lib_MathDouble.c,1638 :: 		
0x0141	0x08FC      	MOVF       R12, 1
;__Lib_MathDouble.c,1640 :: 		
0x0142	0x1903      	BTFSC      STATUS, 2
;__Lib_MathDouble.c,1641 :: 		
0x0143	0x2945      	GOTO       L_Double2Word_0
;__Lib_MathDouble.c,1643 :: 		
0x0144	0x206A      	CALL       _SETIOV3224
;__Lib_MathDouble.c,1645 :: 		
L_Double2Word_0:
;__Lib_MathDouble.c,1646 :: 		
0x0145	0x0871      	MOVF       R1, 0
;__Lib_MathDouble.c,1647 :: 		
0x0146	0x00F0      	MOVWF      R0
;__Lib_MathDouble.c,1648 :: 		
0x0147	0x0872      	MOVF       R2, 0
;__Lib_MathDouble.c,1649 :: 		
0x0148	0x00F1      	MOVWF      R1
;__Lib_MathDouble.c,1652 :: 		
L_end_double2word:
0x0149	0x0008      	RETURN
; end of _double2word
_Div_32x32_FP:
;__Lib_MathDouble.c,758 :: 		
;__Lib_MathDouble.c,770 :: 		
;__Lib_MathDouble.c,773 :: 		
0x014A	0x0874      	MOVF       R4, 0
0x014B	0x3A00      	XORLW      0
0x014C	0x1D03      	BTFSS      STATUS, 2
0x014D	0x2963      	GOTO       L_Div_32x32_FP7
;__Lib_MathDouble.c,774 :: 		
0x014E	0x0875      	MOVF       R5, 0
0x014F	0x3A00      	XORLW      0
0x0150	0x1D03      	BTFSS      STATUS, 2
0x0151	0x2963      	GOTO       L_Div_32x32_FP8
;__Lib_MathDouble.c,775 :: 		
0x0152	0x0876      	MOVF       R6, 0
0x0153	0x3A00      	XORLW      0
0x0154	0x1D03      	BTFSS      STATUS, 2
0x0155	0x2963      	GOTO       L_Div_32x32_FP9
;__Lib_MathDouble.c,776 :: 		
0x0156	0x0877      	MOVF       R7, 0
0x0157	0x3A00      	XORLW      0
0x0158	0x1D03      	BTFSS      STATUS, 2
0x0159	0x2963      	GOTO       L_Div_32x32_FP10
;__Lib_MathDouble.c,777 :: 		
0x015A	0x30FF      	MOVLW      255
0x015B	0x00F0      	MOVWF      R0
;__Lib_MathDouble.c,778 :: 		
0x015C	0x30FF      	MOVLW      255
0x015D	0x00F1      	MOVWF      R1
;__Lib_MathDouble.c,779 :: 		
0x015E	0x307F      	MOVLW      127
0x015F	0x00F2      	MOVWF      R2
;__Lib_MathDouble.c,780 :: 		
0x0160	0x30FF      	MOVLW      255
0x0161	0x00F3      	MOVWF      R3
;__Lib_MathDouble.c,781 :: 		
0x0162	0x29FD      	GOTO       L_end_Div_32x32_FP
;__Lib_MathDouble.c,782 :: 		
L_Div_32x32_FP10:
L_Div_32x32_FP9:
L_Div_32x32_FP8:
L_Div_32x32_FP7:
;__Lib_MathDouble.c,785 :: 		
0x0163	0x0020      	MOVLB      0
;__Lib_MathDouble.c,787 :: 		
0x0164	0x0877      	MOVF       R7, 0
;__Lib_MathDouble.c,788 :: 		
0x0165	0x1903      	BTFSC      STATUS, 2
;__Lib_MathDouble.c,789 :: 		
0x0166	0x29F1      	GOTO       JPDSETFDZ32
;__Lib_MathDouble.c,791 :: 		
0x0167	0x0873      	MOVF       R3, 0
;__Lib_MathDouble.c,792 :: 		
0x0168	0x1903      	BTFSC      STATUS, 2
;__Lib_MathDouble.c,793 :: 		
0x0169	0x29F4      	GOTO       JPDRES032
;__Lib_MathDouble.c,795 :: 		
0x016A	0x0872      	MOVF       R2, 0
;__Lib_MathDouble.c,796 :: 		
0x016B	0x0676      	XORWF      R6, 0
;__Lib_MathDouble.c,797 :: 		
0x016C	0x3980      	ANDLW      128
;__Lib_MathDouble.c,798 :: 		
0x016D	0x00FA      	MOVWF      R10
;__Lib_MathDouble.c,799 :: 		
0x016E	0x17F2      	BSF        R2, 7
;__Lib_MathDouble.c,800 :: 		
0x016F	0x17F6      	BSF        R6, 7
;__Lib_MathDouble.c,802 :: 		
0x0170	0x01A0      	CLRF       __math_tempbD
;__Lib_MathDouble.c,803 :: 		
0x0171	0x0872      	MOVF       R2, 0
;__Lib_MathDouble.c,804 :: 		
0x0172	0x00F8      	MOVWF      R8
;__Lib_MathDouble.c,805 :: 		
0x0173	0x0871      	MOVF       R1, 0
;__Lib_MathDouble.c,806 :: 		
0x0174	0x00FC      	MOVWF      R12
;__Lib_MathDouble.c,807 :: 		
0x0175	0x0870      	MOVF       R0, 0
;__Lib_MathDouble.c,808 :: 		
0x0176	0x00FD      	MOVWF      R13
;__Lib_MathDouble.c,810 :: 		
0x0177	0x0874      	MOVF       R4, 0
;__Lib_MathDouble.c,811 :: 		
0x0178	0x02FD      	SUBWF      R13, 1
;__Lib_MathDouble.c,812 :: 		
0x0179	0x0875      	MOVF       R5, 0
;__Lib_MathDouble.c,813 :: 		
0x017A	0x1C03      	BTFSS      STATUS, 0
;__Lib_MathDouble.c,814 :: 		
0x017B	0x0F75      	INCFSZ     R5, 0
;__Lib_MathDouble.c,816 :: 		
0x017C	0x02FC      	SUBWF      R12, 1
;__Lib_MathDouble.c,817 :: 		
0x017D	0x0876      	MOVF       R6, 0
;__Lib_MathDouble.c,818 :: 		
0x017E	0x1C03      	BTFSS      STATUS, 0
;__Lib_MathDouble.c,819 :: 		
0x017F	0x0F76      	INCFSZ     R6, 0
;__Lib_MathDouble.c,821 :: 		
0x0180	0x02F8      	SUBWF      R8, 1
;__Lib_MathDouble.c,822 :: 		
0x0181	0x01F8      	CLRF       R8
;__Lib_MathDouble.c,823 :: 		
0x0182	0x01FC      	CLRF       R12
;__Lib_MathDouble.c,824 :: 		
0x0183	0x01FD      	CLRF       R13
;__Lib_MathDouble.c,825 :: 		
0x0184	0x1C03      	BTFSS      STATUS, 0
;__Lib_MathDouble.c,826 :: 		
0x0185	0x298D      	GOTO       DALIGN32OK
;__Lib_MathDouble.c,828 :: 		
0x0186	0x1003      	BCF        STATUS, 0
;__Lib_MathDouble.c,829 :: 		
0x0187	0x0CF2      	RRF        R2, 1
;__Lib_MathDouble.c,830 :: 		
0x0188	0x0CF1      	RRF        R1, 1
;__Lib_MathDouble.c,831 :: 		
0x0189	0x0CF0      	RRF        R0, 1
;__Lib_MathDouble.c,832 :: 		
0x018A	0x0CF8      	RRF        R8, 1
;__Lib_MathDouble.c,833 :: 		
0x018B	0x3001      	MOVLW      1
;__Lib_MathDouble.c,834 :: 		
0x018C	0x00A0      	MOVWF      __math_tempbD
;__Lib_MathDouble.c,835 :: 		
DALIGN32OK:
;__Lib_MathDouble.c,836 :: 		
0x018D	0x0877      	MOVF       R7, 0
;__Lib_MathDouble.c,837 :: 		
0x018E	0x02F3      	SUBWF      R3, 1
;__Lib_MathDouble.c,838 :: 		
0x018F	0x1C03      	BTFSS      STATUS, 0
;__Lib_MathDouble.c,839 :: 		
0x0190	0x2997      	GOTO       ALTB32
;__Lib_MathDouble.c,841 :: 		
0x0191	0x307E      	MOVLW      126
;__Lib_MathDouble.c,842 :: 		
0x0192	0x0720      	ADDWF      __math_tempbD, 0
;__Lib_MathDouble.c,843 :: 		
0x0193	0x07F3      	ADDWF      R3, 1
;__Lib_MathDouble.c,844 :: 		
0x0194	0x1803      	BTFSC      STATUS, 0
;__Lib_MathDouble.c,845 :: 		
0x0195	0x29F7      	GOTO       JPDSETFOV32
;__Lib_MathDouble.c,846 :: 		
0x0196	0x299C      	GOTO       DARGOK32
;__Lib_MathDouble.c,847 :: 		
ALTB32:
;__Lib_MathDouble.c,848 :: 		
0x0197	0x307E      	MOVLW      126
;__Lib_MathDouble.c,849 :: 		
0x0198	0x0720      	ADDWF      __math_tempbD, 0
;__Lib_MathDouble.c,850 :: 		
0x0199	0x07F3      	ADDWF      R3, 1
;__Lib_MathDouble.c,851 :: 		
0x019A	0x1C03      	BTFSS      STATUS, 0
;__Lib_MathDouble.c,852 :: 		
0x019B	0x29FA      	GOTO       JPDSETFUN32
;__Lib_MathDouble.c,853 :: 		
DARGOK32:
;__Lib_MathDouble.c,854 :: 		
0x019C	0x3018      	MOVLW      24
;__Lib_MathDouble.c,856 :: 		
0x019D	0x07FA      	ADDWF      R10, 1
;__Lib_MathDouble.c,857 :: 		
DLOOP32:
;__Lib_MathDouble.c,858 :: 		
0x019E	0x0DFD      	RLF        R13, 1
;__Lib_MathDouble.c,859 :: 		
0x019F	0x0DFC      	RLF        R12, 1
;__Lib_MathDouble.c,860 :: 		
0x01A0	0x0DF8      	RLF        R8, 1
;__Lib_MathDouble.c,861 :: 		
0x01A1	0x0DF0      	RLF        R0, 1
;__Lib_MathDouble.c,862 :: 		
0x01A2	0x0DF1      	RLF        R1, 1
;__Lib_MathDouble.c,863 :: 		
0x01A3	0x0DF2      	RLF        R2, 1
;__Lib_MathDouble.c,864 :: 		
0x01A4	0x0DA0      	RLF        __math_tempbD, 1
;__Lib_MathDouble.c,866 :: 		
0x01A5	0x0874      	MOVF       R4, 0
;__Lib_MathDouble.c,867 :: 		
0x01A6	0x02F0      	SUBWF      R0, 1
;__Lib_MathDouble.c,868 :: 		
0x01A7	0x0875      	MOVF       R5, 0
;__Lib_MathDouble.c,869 :: 		
0x01A8	0x1C03      	BTFSS      STATUS, 0
;__Lib_MathDouble.c,870 :: 		
0x01A9	0x0F75      	INCFSZ     R5, 0
;__Lib_MathDouble.c,872 :: 		
0x01AA	0x02F1      	SUBWF      R1, 1
;__Lib_MathDouble.c,873 :: 		
0x01AB	0x0876      	MOVF       R6, 0
;__Lib_MathDouble.c,874 :: 		
0x01AC	0x1C03      	BTFSS      STATUS, 0
;__Lib_MathDouble.c,875 :: 		
0x01AD	0x0F76      	INCFSZ     R6, 0
;__Lib_MathDouble.c,877 :: 		
0x01AE	0x02F2      	SUBWF      R2, 1
;__Lib_MathDouble.c,878 :: 		
0x01AF	0x0D76      	RLF        R6, 0
;__Lib_MathDouble.c,879 :: 		
0x01B0	0x04A0      	IORWF       __math_tempbD, 1
;__Lib_MathDouble.c,880 :: 		
0x01B1	0x1C20      	BTFSS      __math_tempbD, 0
;__Lib_MathDouble.c,881 :: 		
0x01B2	0x29B5      	GOTO       DREST32
;__Lib_MathDouble.c,882 :: 		
0x01B3	0x147D      	BSF        R13, 0
;__Lib_MathDouble.c,883 :: 		
0x01B4	0x29C0      	GOTO       DOK32
;__Lib_MathDouble.c,884 :: 		
DREST32:
;__Lib_MathDouble.c,885 :: 		
0x01B5	0x0874      	MOVF       R4, 0
;__Lib_MathDouble.c,886 :: 		
0x01B6	0x07F0      	ADDWF      R0, 1
;__Lib_MathDouble.c,887 :: 		
0x01B7	0x0875      	MOVF       R5, 0
;__Lib_MathDouble.c,888 :: 		
0x01B8	0x1803      	BTFSC      STATUS, 0
;__Lib_MathDouble.c,889 :: 		
0x01B9	0x0F75      	INCFSZ     R5, 0
;__Lib_MathDouble.c,891 :: 		
0x01BA	0x07F1      	ADDWF      R1, 1
;__Lib_MathDouble.c,892 :: 		
0x01BB	0x0876      	MOVF       R6, 0
;__Lib_MathDouble.c,893 :: 		
0x01BC	0x1803      	BTFSC      STATUS, 0
;__Lib_MathDouble.c,894 :: 		
0x01BD	0x0A76      	INCF       R6, 0
;__Lib_MathDouble.c,895 :: 		
0x01BE	0x07F2      	ADDWF      R2, 1
;__Lib_MathDouble.c,896 :: 		
0x01BF	0x107D      	BCF        R13, 0
;__Lib_MathDouble.c,897 :: 		
DOK32:
;__Lib_MathDouble.c,899 :: 		
0x01C0	0x03FA      	DECF       R10, 1
;__Lib_MathDouble.c,900 :: 		
0x01C1	0x301F      	MOVLW      31
;__Lib_MathDouble.c,901 :: 		
0x01C2	0x057A      	ANDWF      R10, 0
;__Lib_MathDouble.c,902 :: 		
0x01C3	0x1D03      	BTFSS      STATUS, 2
;__Lib_MathDouble.c,903 :: 		
0x01C4	0x299E      	GOTO       DLOOP32
;__Lib_MathDouble.c,905 :: 		
0x01C5	0x1B7B      	BTFSC      R11, 6
;__Lib_MathDouble.c,906 :: 		
0x01C6	0x1C7D      	BTFSS      R13, 0
;__Lib_MathDouble.c,907 :: 		
0x01C7	0x29E7      	GOTO       DIV32OK
;__Lib_MathDouble.c,908 :: 		
0x01C8	0x1003      	BCF        STATUS, 0
;__Lib_MathDouble.c,909 :: 		
0x01C9	0x0DF0      	RLF        R0, 1
;__Lib_MathDouble.c,910 :: 		
0x01CA	0x0DF1      	RLF        R1, 1
;__Lib_MathDouble.c,911 :: 		
0x01CB	0x0DF2      	RLF        R2, 1
;__Lib_MathDouble.c,912 :: 		
0x01CC	0x0DA0      	RLF        __math_tempbD, 1
;__Lib_MathDouble.c,914 :: 		
0x01CD	0x0874      	MOVF       R4, 0
;__Lib_MathDouble.c,915 :: 		
0x01CE	0x02F0      	SUBWF      R0, 1
;__Lib_MathDouble.c,916 :: 		
0x01CF	0x0875      	MOVF       R5, 0
;__Lib_MathDouble.c,917 :: 		
0x01D0	0x1C03      	BTFSS      STATUS, 0
;__Lib_MathDouble.c,918 :: 		
0x01D1	0x0F75      	INCFSZ     R5, 0
;__Lib_MathDouble.c,919 :: 		
0x01D2	0x02F1      	SUBWF      R1, 1
;__Lib_MathDouble.c,920 :: 		
0x01D3	0x0876      	MOVF       R6, 0
;__Lib_MathDouble.c,921 :: 		
0x01D4	0x1C03      	BTFSS      STATUS, 0
;__Lib_MathDouble.c,922 :: 		
0x01D5	0x0F76      	INCFSZ     R6, 0
;__Lib_MathDouble.c,923 :: 		
0x01D6	0x02F2      	SUBWF      R2, 1
;__Lib_MathDouble.c,924 :: 		
0x01D7	0x0D76      	RLF        R6, 0
;__Lib_MathDouble.c,925 :: 		
0x01D8	0x0420      	IORWF       __math_tempbD, 0
;__Lib_MathDouble.c,926 :: 		
0x01D9	0x3901      	ANDLW      1
;__Lib_MathDouble.c,927 :: 		
0x01DA	0x07FD      	ADDWF      R13, 1
;__Lib_MathDouble.c,928 :: 		
0x01DB	0x1803      	BTFSC      STATUS, 0
;__Lib_MathDouble.c,929 :: 		
0x01DC	0x0AFC      	INCF       R12, 1
;__Lib_MathDouble.c,930 :: 		
0x01DD	0x1903      	BTFSC      STATUS, 2
;__Lib_MathDouble.c,931 :: 		
0x01DE	0x0AF8      	INCF       R8, 1
;__Lib_MathDouble.c,932 :: 		
0x01DF	0x1D03      	BTFSS      STATUS, 2
;__Lib_MathDouble.c,933 :: 		
0x01E0	0x29E7      	GOTO       DIV32OK
;__Lib_MathDouble.c,934 :: 		
0x01E1	0x0CF8      	RRF        R8, 1
;__Lib_MathDouble.c,935 :: 		
0x01E2	0x0CFC      	RRF        R12, 1
;__Lib_MathDouble.c,936 :: 		
0x01E3	0x0CFD      	RRF        R13, 1
;__Lib_MathDouble.c,937 :: 		
0x01E4	0x0AF3      	INCF       R3, 1
;__Lib_MathDouble.c,938 :: 		
0x01E5	0x1903      	BTFSC      STATUS, 2
;__Lib_MathDouble.c,939 :: 		
0x01E6	0x29F7      	GOTO       JPDSETFOV32
;__Lib_MathDouble.c,940 :: 		
DIV32OK:
;__Lib_MathDouble.c,941 :: 		
0x01E7	0x1FFA      	BTFSS      R10, 7
;__Lib_MathDouble.c,942 :: 		
0x01E8	0x13F8      	BCF        R8, 7
;__Lib_MathDouble.c,943 :: 		
0x01E9	0x0878      	MOVF       R8, 0
;__Lib_MathDouble.c,944 :: 		
0x01EA	0x00F2      	MOVWF      R2
;__Lib_MathDouble.c,945 :: 		
0x01EB	0x087C      	MOVF       R12, 0
;__Lib_MathDouble.c,946 :: 		
0x01EC	0x00F1      	MOVWF      R1
;__Lib_MathDouble.c,947 :: 		
0x01ED	0x087D      	MOVF       R13, 0
;__Lib_MathDouble.c,948 :: 		
0x01EE	0x00F0      	MOVWF      R0
;__Lib_MathDouble.c,950 :: 		
0x01EF	0x3000      	MOVLW      0
;__Lib_MathDouble.c,952 :: 		
0x01F0	0x29FC      	GOTO       DIV32EEE
;__Lib_MathDouble.c,953 :: 		
JPDSETFDZ32:
;__Lib_MathDouble.c,954 :: 		
0x01F1	0x3001      	MOVLW      1
;__Lib_MathDouble.c,957 :: 		
0x01F2	0x205B      	CALL       _SETFDZ32
;__Lib_MathDouble.c,959 :: 		
0x01F3	0x29FC      	GOTO       DIV32EEE
;__Lib_MathDouble.c,960 :: 		
JPDRES032:
;__Lib_MathDouble.c,961 :: 		
0x01F4	0x3002      	MOVLW      2
;__Lib_MathDouble.c,964 :: 		
0x01F5	0x2015      	CALL       _RES032
;__Lib_MathDouble.c,966 :: 		
0x01F6	0x29FC      	GOTO       DIV32EEE
;__Lib_MathDouble.c,967 :: 		
JPDSETFOV32:
;__Lib_MathDouble.c,968 :: 		
0x01F7	0x3004      	MOVLW      4
;__Lib_MathDouble.c,971 :: 		
0x01F8	0x205E      	CALL       _SETFOV32
;__Lib_MathDouble.c,973 :: 		
0x01F9	0x29FC      	GOTO       DIV32EEE
;__Lib_MathDouble.c,974 :: 		
JPDSETFUN32:
;__Lib_MathDouble.c,975 :: 		
0x01FA	0x3008      	MOVLW      8
;__Lib_MathDouble.c,978 :: 		
0x01FB	0x201C      	CALL       _SETFUN32
;__Lib_MathDouble.c,980 :: 		
DIV32EEE:
;__Lib_MathDouble.c,981 :: 		
0x01FC	0x0000      	NOP
;__Lib_MathDouble.c,990 :: 		
L_end_Div_32x32_FP:
0x01FD	0x0008      	RETURN
; end of _Div_32x32_FP
_Read_analogica:
;controle_analogico_pwm.c,56 :: 		void Read_analogica()
;controle_analogico_pwm.c,58 :: 		ADCON0 = 0x01; //Habilita o modulo ADC e seleciona canal AN0, pin RA0
0x01FE	0x3001      	MOVLW      1
0x01FF	0x0021      	MOVLB      1
0x0200	0x009D      	MOVWF      ADCON0
;controle_analogico_pwm.c,59 :: 		ADCON1 = 0b10100000; //Utiliza Fosc/32, referencia VDD e VSS justifica a direita
0x0201	0x30A0      	MOVLW      160
0x0202	0x009E      	MOVWF      ADCON1
;controle_analogico_pwm.c,60 :: 		ADCON0.GO = 0x01; //Inicia conversao
0x0203	0x149D      	BSF        ADCON0, 1
;controle_analogico_pwm.c,61 :: 		while (ADCON0.GO_NOT_DONE); //Aguarda o termino da conversao
L_Read_analogica2:
0x0204	0x1C9D      	BTFSS      ADCON0, 1
0x0205	0x2A07      	GOTO       L_Read_analogica3
0x0206	0x2A04      	GOTO       L_Read_analogica2
L_Read_analogica3:
;controle_analogico_pwm.c,62 :: 		leitura_ADC = ((ADRESH << 8) | (int)ADRESL); //Concatena o resultado em 16bits
0x0207	0x081C      	MOVF       ADRESH, 0
0x0208	0x0020      	MOVLB      0
0x0209	0x00A2      	MOVWF      _leitura_ADC+1
0x020A	0x01A1      	CLRF       _leitura_ADC
0x020B	0x0021      	MOVLB      1
0x020C	0x081B      	MOVF       ADRESL, 0
0x020D	0x00F0      	MOVWF      R0
0x020E	0x01F1      	CLRF       R1
0x020F	0x0870      	MOVF       R0, 0
0x0210	0x0020      	MOVLB      0
0x0211	0x04A1      	IORWF       _leitura_ADC, 1
0x0212	0x0871      	MOVF       R1, 0
0x0213	0x04A2      	IORWF       _leitura_ADC+1, 1
;controle_analogico_pwm.c,63 :: 		delay_ms(20);
0x0214	0x3034      	MOVLW      52
0x0215	0x00FC      	MOVWF      R12
0x0216	0x30F1      	MOVLW      241
0x0217	0x00FD      	MOVWF      R13
L_Read_analogica4:
0x0218	0x0BFD      	DECFSZ     R13, 1
0x0219	0x2A18      	GOTO       L_Read_analogica4
0x021A	0x0BFC      	DECFSZ     R12, 1
0x021B	0x2A18      	GOTO       L_Read_analogica4
0x021C	0x0000      	NOP
0x021D	0x0000      	NOP
;controle_analogico_pwm.c,64 :: 		}
L_end_Read_analogica:
0x021E	0x0008      	RETURN
; end of _Read_analogica
_Atualiza_PWM:
;controle_analogico_pwm.c,67 :: 		void Atualiza_PWM()
;controle_analogico_pwm.c,69 :: 		float adc_porc = (float)leitura_ADC * 100 / 1024;
0x021F	0x0020      	MOVLB      0
0x0220	0x0821      	MOVF       _leitura_ADC, 0
0x0221	0x00F0      	MOVWF      R0
0x0222	0x0822      	MOVF       _leitura_ADC+1, 0
0x0223	0x00F1      	MOVWF      R1
0x0224	0x20D7      	CALL       _word2double
0x0225	0x3000      	MOVLW      0
0x0226	0x00F4      	MOVWF      R4
0x0227	0x3000      	MOVLW      0
0x0228	0x00F5      	MOVWF      R5
0x0229	0x3048      	MOVLW      72
0x022A	0x00F6      	MOVWF      R6
0x022B	0x3085      	MOVLW      133
0x022C	0x00F7      	MOVWF      R7
0x022D	0x2077      	CALL       _Mul_32x32_FP
0x022E	0x3000      	MOVLW      0
0x022F	0x00F4      	MOVWF      R4
0x0230	0x3000      	MOVLW      0
0x0231	0x00F5      	MOVWF      R5
0x0232	0x3000      	MOVLW      0
0x0233	0x00F6      	MOVWF      R6
0x0234	0x3089      	MOVLW      137
0x0235	0x00F7      	MOVWF      R7
0x0236	0x214A      	CALL       _Div_32x32_FP
;controle_analogico_pwm.c,70 :: 		unsigned int value = adc_porc * 255 / 100;
0x0237	0x3000      	MOVLW      0
0x0238	0x00F4      	MOVWF      R4
0x0239	0x3000      	MOVLW      0
0x023A	0x00F5      	MOVWF      R5
0x023B	0x307F      	MOVLW      127
0x023C	0x00F6      	MOVWF      R6
0x023D	0x3086      	MOVLW      134
0x023E	0x00F7      	MOVWF      R7
0x023F	0x2077      	CALL       _Mul_32x32_FP
0x0240	0x3000      	MOVLW      0
0x0241	0x00F4      	MOVWF      R4
0x0242	0x3000      	MOVLW      0
0x0243	0x00F5      	MOVWF      R5
0x0244	0x3048      	MOVLW      72
0x0245	0x00F6      	MOVWF      R6
0x0246	0x3085      	MOVLW      133
0x0247	0x00F7      	MOVWF      R7
0x0248	0x214A      	CALL       _Div_32x32_FP
0x0249	0x20EC      	CALL       _double2word
;controle_analogico_pwm.c,71 :: 		CCPR1L = value;;
0x024A	0x0870      	MOVF       R0, 0
0x024B	0x0025      	MOVLB      5
0x024C	0x0091      	MOVWF      CCPR1L
;controle_analogico_pwm.c,72 :: 		}
L_end_Atualiza_PWM:
0x024D	0x0008      	RETURN
; end of _Atualiza_PWM
_Refresh_analogica:
;controle_analogico_pwm.c,50 :: 		void Refresh_analogica()
;controle_analogico_pwm.c,52 :: 		Read_analogica();
0x024E	0x21FE      	CALL       _Read_analogica
;controle_analogico_pwm.c,53 :: 		flag_analogica = false;
0x024F	0x01A4      	CLRF       _flag_analogica
;controle_analogico_pwm.c,54 :: 		}
L_end_Refresh_analogica:
0x0250	0x0008      	RETURN
; end of _Refresh_analogica
_Refresh_pwm:
;controle_analogico_pwm.c,43 :: 		void Refresh_pwm()
;controle_analogico_pwm.c,45 :: 		Atualiza_PWM();
0x0251	0x221F      	CALL       _Atualiza_PWM
;controle_analogico_pwm.c,46 :: 		flag_pwm = false;
0x0252	0x0020      	MOVLB      0
0x0253	0x01A3      	CLRF       _flag_pwm
;controle_analogico_pwm.c,47 :: 		}
L_end_Refresh_pwm:
0x0254	0x0008      	RETURN
; end of _Refresh_pwm
_Configuracao_PWM:
;controle_analogico_pwm.c,99 :: 		void Configuracao_PWM()
;controle_analogico_pwm.c,104 :: 		T2CON = 0b00011101;
0x0255	0x301D      	MOVLW      29
0x0256	0x0020      	MOVLB      0
0x0257	0x009C      	MOVWF      T2CON
;controle_analogico_pwm.c,105 :: 		PR2 =   0xFF;
0x0258	0x30FF      	MOVLW      255
0x0259	0x009B      	MOVWF      PR2
;controle_analogico_pwm.c,106 :: 		CCP1CON = 0x0C;
0x025A	0x300C      	MOVLW      12
0x025B	0x0025      	MOVLB      5
0x025C	0x0093      	MOVWF      CCP1CON
;controle_analogico_pwm.c,107 :: 		CCPR1L  = 0x00;
0x025D	0x0191      	CLRF       CCPR1L
;controle_analogico_pwm.c,108 :: 		}
L_end_Configuracao_PWM:
0x025E	0x0008      	RETURN
; end of _Configuracao_PWM
_Configuracao_timer6:
;controle_analogico_pwm.c,86 :: 		void Configuracao_timer6()
;controle_analogico_pwm.c,93 :: 		T6CON = 0b00000101; //Habilita timer6 prescaler 1:4 postscaler 1: 1
0x025F	0x3005      	MOVLW      5
0x0260	0x0028      	MOVLB      8
0x0261	0x009E      	MOVWF      T6CON
;controle_analogico_pwm.c,94 :: 		PR6   = 0xFF;
0x0262	0x30FF      	MOVLW      255
0x0263	0x009D      	MOVWF      PR6
;controle_analogico_pwm.c,95 :: 		TMR6IE_bit   = 0x01; //Habilita interrupcao do timer6
0x0264	0x0021      	MOVLB      1
0x0265	0x1593      	BSF        TMR6IE_bit, BitPos(TMR6IE_bit+0)
;controle_analogico_pwm.c,96 :: 		}
L_end_Configuracao_timer6:
0x0266	0x0008      	RETURN
; end of _Configuracao_timer6
_Configuracao_timer4:
;controle_analogico_pwm.c,75 :: 		void Configuracao_timer4()
;controle_analogico_pwm.c,82 :: 		T4CON = 0b00011101; //Habilita o timer 4 com prescaler 1:4 e postscaler 1:4
0x0267	0x301D      	MOVLW      29
0x0268	0x0028      	MOVLB      8
0x0269	0x0097      	MOVWF      T4CON
;controle_analogico_pwm.c,83 :: 		PR4   = 0xFF; //Compara com 255
0x026A	0x30FF      	MOVLW      255
0x026B	0x0096      	MOVWF      PR4
;controle_analogico_pwm.c,84 :: 		TMR4IE_bit = 0x01; //Habilita interrupcao do timer4
0x026C	0x0021      	MOVLB      1
0x026D	0x1493      	BSF        TMR4IE_bit, BitPos(TMR4IE_bit+0)
;controle_analogico_pwm.c,85 :: 		}
L_end_Configuracao_timer4:
0x026E	0x0008      	RETURN
; end of _Configuracao_timer4
_Configuracao_portas:
;controle_analogico_pwm.c,109 :: 		void Configuracao_portas()
;controle_analogico_pwm.c,112 :: 		TRISA.RA0 =    0x01; //Configura pino RA0 como input
0x026F	0x0021      	MOVLB      1
0x0270	0x140C      	BSF        TRISA, 0
;controle_analogico_pwm.c,113 :: 		TRISB     =    0x00; //Configura portB como output
0x0271	0x018D      	CLRF       TRISB
;controle_analogico_pwm.c,114 :: 		TRISC     =    0x00; //Configura portc como output
0x0272	0x018E      	CLRF       TRISC
;controle_analogico_pwm.c,116 :: 		ANSELA.RA0     = 0x01; //Configura pino RA0 como analogico
0x0273	0x0023      	MOVLB      3
0x0274	0x140C      	BSF        ANSELA, 0
;controle_analogico_pwm.c,117 :: 		ANSELB         = 0x00; //Configura portB como digital
0x0275	0x018D      	CLRF       ANSELB
;controle_analogico_pwm.c,118 :: 		ANSELC         = 0x00; //Configura portC como digital
0x0276	0x018E      	CLRF       ANSELC
;controle_analogico_pwm.c,120 :: 		PORTA.RA0 = 0x01;  //High
0x0277	0x0020      	MOVLB      0
0x0278	0x140C      	BSF        PORTA, 0
;controle_analogico_pwm.c,121 :: 		PORTB     = 0x00; //Low
0x0279	0x018D      	CLRF       PORTB
;controle_analogico_pwm.c,122 :: 		PORTC     =0x00;  //Low
0x027A	0x018E      	CLRF       PORTC
;controle_analogico_pwm.c,123 :: 		}
L_end_Configuracao_portas:
0x027B	0x0008      	RETURN
; end of _Configuracao_portas
_main:
;controle_analogico_pwm.c,125 :: 		void main()
;controle_analogico_pwm.c,127 :: 		GIE_bit    = 0x01; //Habilita interrupcao global
0x027C	0x178B      	BSF        GIE_bit, BitPos(GIE_bit+0)
;controle_analogico_pwm.c,128 :: 		PEIE_bit   = 0x01; //Habilita interrupcao periferica
0x027D	0x170B      	BSF        PEIE_bit, BitPos(PEIE_bit+0)
;controle_analogico_pwm.c,130 :: 		Configuracao_portas();
0x027E	0x226F      	CALL       _Configuracao_portas
;controle_analogico_pwm.c,131 :: 		Configuracao_timer4();
0x027F	0x2267      	CALL       _Configuracao_timer4
;controle_analogico_pwm.c,132 :: 		Configuracao_timer6();
0x0280	0x225F      	CALL       _Configuracao_timer6
;controle_analogico_pwm.c,133 :: 		Configuracao_PWM();
0x0281	0x2255      	CALL       _Configuracao_PWM
;controle_analogico_pwm.c,135 :: 		while (1)
L_main5:
;controle_analogico_pwm.c,137 :: 		if (flag_pwm) Refresh_pwm();
0x0282	0x0020      	MOVLB      0
0x0283	0x0823      	MOVF       _flag_pwm, 0
0x0284	0x1903      	BTFSC      STATUS, 2
0x0285	0x2A87      	GOTO       L_main7
0x0286	0x2251      	CALL       _Refresh_pwm
L_main7:
;controle_analogico_pwm.c,138 :: 		if(flag_analogica) Refresh_analogica();
0x0287	0x0824      	MOVF       _flag_analogica, 0
0x0288	0x1903      	BTFSC      STATUS, 2
0x0289	0x2A8B      	GOTO       L_main8
0x028A	0x224E      	CALL       _Refresh_analogica
L_main8:
;controle_analogico_pwm.c,139 :: 		}
0x028B	0x2A82      	GOTO       L_main5
;controle_analogico_pwm.c,141 :: 		}
L_end_main:
0x028C	0x2A8C      	GOTO       $+0
; end of _main
Symbol List:
//** Routines locations **
//ADDRESS    SIZE    PROCEDURE
//----------------------------------------------
0x0004      [17]    _interrupt
0x0015       [7]    _RES032
0x001C      [12]    _SETFUN32
0x0028       [4]    _FIXSIGN32
0x002C      [47]    _NRM3232
0x005B       [3]    _SETFDZ32
0x005E      [12]    _SETFOV32
0x006A      [13]    _SETIOV3224
0x0077      [96]    _Mul_32x32_FP
0x00D7      [21]    _word2double
0x00EC      [94]    _double2word
0x014A     [180]    _Div_32x32_FP
0x01FE      [33]    _Read_analogica
0x021F      [47]    _Atualiza_PWM
0x024E       [3]    _Refresh_analogica
0x0251       [4]    _Refresh_pwm
0x0255      [10]    _Configuracao_PWM
0x025F       [8]    _Configuracao_timer6
0x0267       [8]    _Configuracao_timer4
0x026F      [13]    _Configuracao_portas
0x027C      [17]    _main
//** Variables locations ** 
//ADDRESS    SIZE    VARIABLE
//----------------------------------------------
0x0000       [1]    INDF0
0x0001       [1]    INDF1
0x0003       [1]    STATUS
0x0004       [1]    FSR0L
0x0005       [1]    FSR0H
0x0006       [1]    FSR1L
0x0007       [1]    FSR1H
0x000A       [1]    PCLATH
0x000B       [0]    PEIE_bit
0x000B       [0]    GIE_bit
0x000C       [1]    PORTA
0x000D       [1]    PORTB
0x000E       [1]    PORTC
0x0013       [0]    TMR4IF_bit
0x0013       [0]    TMR6IF_bit
0x001B       [1]    PR2
0x001C       [1]    T2CON
0x0020       [1]    __math_tempbD
0x0021       [2]    _leitura_ADC
0x0023       [1]    _flag_pwm
0x0024       [1]    _flag_analogica
0x0070       [1]    R0
0x0071       [1]    R1
0x0072       [1]    R2
0x0073       [1]    R3
0x0074       [1]    R4
0x0075       [1]    R5
0x0076       [1]    R6
0x0077       [1]    R7
0x0078       [1]    R8
0x0079       [1]    R9
0x007A       [1]    R10
0x007B       [1]    R11
0x007C       [1]    R12
0x007D       [1]    R13
0x007E       [1]    R14
0x007F       [1]    R15
0x008C       [1]    TRISA
0x008D       [1]    TRISB
0x008E       [1]    TRISC
0x0093       [0]    TMR6IE_bit
0x0093       [0]    TMR4IE_bit
0x009B       [1]    ADRESL
0x009C       [1]    ADRESH
0x009D       [1]    ADCON0
0x009E       [1]    ADCON1
0x018C       [1]    ANSELA
0x018D       [1]    ANSELB
0x018E       [1]    ANSELC
0x0291       [1]    CCPR1L
0x0293       [1]    CCP1CON
0x0416       [1]    PR4
0x0417       [1]    T4CON
0x041D       [1]    PR6
0x041E       [1]    T6CON
