;  LST file generated by mikroListExporter - v.2.0 
; Date/Time: 13/12/2020 20:44:38
;----------------------------------------------

;Address Opcode 	ASM
0x0000	0x2813      	GOTO       19
_interrupt:
;varredura_botoes.c,8 :: 		void interrupt()
;varredura_botoes.c,10 :: 		if (T0IF_bit)
0x0004	0x3180      	MOVLP      0
0x0005	0x1D0B      	BTFSS      T0IF_bit, BitPos(T0IF_bit+0)
0x0006	0x2812      	GOTO       L_interrupt0
;varredura_botoes.c,12 :: 		T0IF_bit = 0x00;
0x0007	0x110B      	BCF        T0IF_bit, BitPos(T0IF_bit+0)
;varredura_botoes.c,13 :: 		TMR0     = 0x6C;
0x0008	0x306C      	MOVLW      108
0x0009	0x0020      	MOVLB      0
0x000A	0x0095      	MOVWF      TMR0
;varredura_botoes.c,15 :: 		if (!S0)
0x000B	0x180C      	BTFSC      RA0_bit, BitPos(RA0_bit+0)
0x000C	0x280F      	GOTO       L_interrupt1
;varredura_botoes.c,17 :: 		led1 = 0x01;
0x000D	0x150C      	BSF        RA2_bit, BitPos(RA2_bit+0)
;varredura_botoes.c,18 :: 		}
0x000E	0x2812      	GOTO       L_interrupt2
L_interrupt1:
;varredura_botoes.c,19 :: 		else if (!S1)
0x000F	0x188C      	BTFSC      RA1_bit, BitPos(RA1_bit+0)
0x0010	0x2812      	GOTO       L_interrupt3
;varredura_botoes.c,21 :: 		led1 = 0x00;
0x0011	0x110C      	BCF        RA2_bit, BitPos(RA2_bit+0)
;varredura_botoes.c,22 :: 		}
L_interrupt3:
L_interrupt2:
;varredura_botoes.c,24 :: 		}
L_interrupt0:
;varredura_botoes.c,25 :: 		}
L_end_interrupt:
L__interrupt9:
0x0012	0x0009      	RETFIE     %s
; end of _interrupt
_main:
;varredura_botoes.c,26 :: 		void main()
;varredura_botoes.c,29 :: 		TRISA.RA0    = 0x01;       //input
0x0013	0x0021      	MOVLB      1
0x0014	0x140C      	BSF        TRISA, 0
;varredura_botoes.c,30 :: 		TRISA.RA1    = 0x01;       //input
0x0015	0x148C      	BSF        TRISA, 1
;varredura_botoes.c,31 :: 		TRISA.RA2    = 0x00;       //output
0x0016	0x110C      	BCF        TRISA, 2
;varredura_botoes.c,32 :: 		TRISB.RB4    = 0x00;       //output
0x0017	0x120D      	BCF        TRISB, 4
;varredura_botoes.c,33 :: 		PORTA = 0x03;
0x0018	0x3003      	MOVLW      3
0x0019	0x0020      	MOVLB      0
0x001A	0x008C      	MOVWF      PORTA
;varredura_botoes.c,34 :: 		ANSELA = 0x00;
0x001B	0x0023      	MOVLB      3
0x001C	0x018C      	CLRF       ANSELA
;varredura_botoes.c,36 :: 		OPTION_REG   = 0x86; //Timer0 incrementa com ciclo de instrucao, prescaler 1:128
0x001D	0x3086      	MOVLW      134
0x001E	0x0021      	MOVLB      1
0x001F	0x0095      	MOVWF      OPTION_REG
;varredura_botoes.c,37 :: 		GIE_bit      = 0x01; //Habilita interrupacao glonal
0x0020	0x178B      	BSF        GIE_bit, BitPos(GIE_bit+0)
;varredura_botoes.c,38 :: 		PEIE_bit     = 0x01; //Habilita interrupcao por perifericos
0x0021	0x170B      	BSF        PEIE_bit, BitPos(PEIE_bit+0)
;varredura_botoes.c,39 :: 		T0IE_bit     = 0x01; //Habilita interrupcao do Timer0
0x0022	0x168B      	BSF        T0IE_bit, BitPos(T0IE_bit+0)
;varredura_botoes.c,40 :: 		TMR0         = 0x6C; //Inicia Timer0 com o valor 0x6C
0x0023	0x306C      	MOVLW      108
0x0024	0x0020      	MOVLB      0
0x0025	0x0095      	MOVWF      TMR0
;varredura_botoes.c,42 :: 		while(1)
L_main4:
;varredura_botoes.c,44 :: 		led2 = 0x01;
0x0026	0x160D      	BSF        RB4_bit, BitPos(RB4_bit+0)
;varredura_botoes.c,45 :: 		delay_ms(500);
0x0027	0x3003      	MOVLW      3
0x0028	0x00FB      	MOVWF      R11
0x0029	0x308A      	MOVLW      138
0x002A	0x00FC      	MOVWF      R12
0x002B	0x3055      	MOVLW      85
0x002C	0x00FD      	MOVWF      R13
L_main6:
0x002D	0x0BFD      	DECFSZ     R13, 1
0x002E	0x282D      	GOTO       L_main6
0x002F	0x0BFC      	DECFSZ     R12, 1
0x0030	0x282D      	GOTO       L_main6
0x0031	0x0BFB      	DECFSZ     R11, 1
0x0032	0x282D      	GOTO       L_main6
0x0033	0x0000      	NOP
0x0034	0x0000      	NOP
;varredura_botoes.c,46 :: 		led2 = 0x00;
0x0035	0x120D      	BCF        RB4_bit, BitPos(RB4_bit+0)
;varredura_botoes.c,47 :: 		delay_ms(500);
0x0036	0x3003      	MOVLW      3
0x0037	0x00FB      	MOVWF      R11
0x0038	0x308A      	MOVLW      138
0x0039	0x00FC      	MOVWF      R12
0x003A	0x3055      	MOVLW      85
0x003B	0x00FD      	MOVWF      R13
L_main7:
0x003C	0x0BFD      	DECFSZ     R13, 1
0x003D	0x283C      	GOTO       L_main7
0x003E	0x0BFC      	DECFSZ     R12, 1
0x003F	0x283C      	GOTO       L_main7
0x0040	0x0BFB      	DECFSZ     R11, 1
0x0041	0x283C      	GOTO       L_main7
0x0042	0x0000      	NOP
0x0043	0x0000      	NOP
;varredura_botoes.c,49 :: 		}
0x0044	0x2826      	GOTO       L_main4
;varredura_botoes.c,50 :: 		}
L_end_main:
0x0045	0x2845      	GOTO       $+0
; end of _main
Symbol List:
//** Routines locations **
//ADDRESS    SIZE    PROCEDURE
//----------------------------------------------
0x0004      [15]    _interrupt
0x0013      [51]    _main
//** Variables locations ** 
//ADDRESS    SIZE    VARIABLE
//----------------------------------------------
0x0000       [1]    INDF0
0x0001       [1]    INDF1
0x0003       [1]    STATUS
0x0004       [1]    FSR0L
0x0005       [1]    FSR0H
0x0006       [1]    FSR1L
0x0007       [1]    FSR1H
0x000A       [1]    PCLATH
0x000B       [0]    T0IF_bit
0x000B       [0]    PEIE_bit
0x000B       [0]    T0IE_bit
0x000B       [0]    GIE_bit
0x000C       [0]    RA1_bit
0x000C       [1]    PORTA
0x000C       [0]    RA0_bit
0x000C       [0]    RA2_bit
0x000D       [0]    RB4_bit
0x0015       [1]    TMR0
0x0070       [1]    R0
0x0071       [1]    R1
0x0072       [1]    R2
0x0073       [1]    R3
0x0074       [1]    R4
0x0075       [1]    R5
0x0076       [1]    R6
0x0077       [1]    R7
0x0078       [1]    R8
0x0079       [1]    R9
0x007A       [1]    R10
0x007B       [1]    R11
0x007C       [1]    R12
0x007D       [1]    R13
0x007E       [1]    R14
0x007F       [1]    R15
0x008C       [1]    TRISA
0x008D       [1]    TRISB
0x0095       [1]    OPTION_REG
0x018C       [1]    ANSELA
